<?xml version="1.0" encoding="UTF-8"?>
<testsuite name="Karate_Gradle.LibraryTest" tests="1" skipped="0" failures="0" errors="0" timestamp="2019-10-09T12:14:44" hostname="ULTP539" time="0.002">
  <properties/>
  <testcase name="testSomeLibraryMethod" classname="Karate_Gradle.LibraryTest" time="0.002"/>
  <system-out><![CDATA[]]></system-out>
  <system-err><![CDATA[]]></system-err>
</testsuite>
